build/outputs/logs/manifest-merger-debug-report.txt
-- Merging decision tree log ---
manifest
ADDED from samples\FaceSeg5\AndroidManifest.xml:2:1-38:12
INJECTED from samples\FaceSeg5\AndroidManifest.xml:2:1-38:12
INJECTED from samples\FaceSeg5\AndroidManifest.xml:2:1-38:12
INJECTED from samples\FaceSeg5\AndroidManifest.xml:2:1-38:12
MERGED from [:opencv] AndroidManifest.xml:2:1-11:12
MERGED from [org.tensorflow:tensorflow-lite:0.0.0-nightly] AndroidManifest.xml:2:1-12:12
MERGED from [org.tensorflow:tensorflow-lite-gpu:0.0.0-nightly] AndroidManifest.xml:2:1-12:12
MERGED from [org.tensorflow:tensorflow-lite-support:0.0.0-nightly] AndroidManifest.xml:2:1-5:12
INJECTED from samples\FaceSeg5\AndroidManifest.xml:2:1-38:12
INJECTED from samples\FaceSeg5\AndroidManifest.xml:2:1-38:12
INJECTED from samples\FaceSeg5\AndroidManifest.xml:2:1-38:12
	package
		ADDED from samples\FaceSeg5\AndroidManifest.xml:3:11-31
		INJECTED from samples\FaceSeg5\AndroidManifest.xml
		INJECTED from samples\FaceSeg5\AndroidManifest.xml
	android:versionName
		INJECTED from samples\FaceSeg5\AndroidManifest.xml
		ADDED from samples\FaceSeg5\AndroidManifest.xml:2:1-38:12
		INJECTED from samples\FaceSeg5\AndroidManifest.xml
	android:versionCode
		INJECTED from samples\FaceSeg5\AndroidManifest.xml
		ADDED from samples\FaceSeg5\AndroidManifest.xml:2:1-38:12
		INJECTED from samples\FaceSeg5\AndroidManifest.xml
	xmlns:android
		ADDED from samples\FaceSeg5\AndroidManifest.xml:2:11-69
application
ADDED from samples\FaceSeg5\AndroidManifest.xml:6:5-20:19
MERGED from [org.tensorflow:tensorflow-lite:0.0.0-nightly] AndroidManifest.xml:10:5-20
MERGED from [org.tensorflow:tensorflow-lite:0.0.0-nightly] AndroidManifest.xml:10:5-20
MERGED from [org.tensorflow:tensorflow-lite-gpu:0.0.0-nightly] AndroidManifest.xml:10:5-20
MERGED from [org.tensorflow:tensorflow-lite-gpu:0.0.0-nightly] AndroidManifest.xml:10:5-20
	android:label
		ADDED from samples\FaceSeg5\AndroidManifest.xml:7:9-33
	android:icon
		ADDED from samples\FaceSeg5\AndroidManifest.xml:8:9-38
	android:theme
		ADDED from samples\FaceSeg5\AndroidManifest.xml:9:9-67
activity#opu.timkov.SegmentorActivity
ADDED from samples\FaceSeg5\AndroidManifest.xml:11:9-19:20
	android:screenOrientation
		ADDED from samples\FaceSeg5\AndroidManifest.xml:13:19-55
	android:label
		ADDED from samples\FaceSeg5\AndroidManifest.xml:12:19-51
	android:configChanges
		ADDED from samples\FaceSeg5\AndroidManifest.xml:14:19-69
	android:name
		ADDED from samples\FaceSeg5\AndroidManifest.xml:11:19-52
intent-filter#action:name:android.intent.action.MAIN+category:name:android.intent.category.LAUNCHER
ADDED from samples\FaceSeg5\AndroidManifest.xml:15:13-18:29
action#android.intent.action.MAIN
ADDED from samples\FaceSeg5\AndroidManifest.xml:16:17-69
	android:name
		ADDED from samples\FaceSeg5\AndroidManifest.xml:16:25-66
category#android.intent.category.LAUNCHER
ADDED from samples\FaceSeg5\AndroidManifest.xml:17:17-77
	android:name
		ADDED from samples\FaceSeg5\AndroidManifest.xml:17:27-74
supports-screens
ADDED from samples\FaceSeg5\AndroidManifest.xml:22:5-26:51
	android:largeScreens
		ADDED from samples\FaceSeg5\AndroidManifest.xml:25:23-50
	android:smallScreens
		ADDED from samples\FaceSeg5\AndroidManifest.xml:23:23-50
	android:normalScreens
		ADDED from samples\FaceSeg5\AndroidManifest.xml:24:23-51
	android:resizeable
		ADDED from samples\FaceSeg5\AndroidManifest.xml:22:23-48
	android:anyDensity
		ADDED from samples\FaceSeg5\AndroidManifest.xml:26:23-48
uses-permission#android.permission.CAMERA
ADDED from samples\FaceSeg5\AndroidManifest.xml:28:5-64
	android:name
		ADDED from samples\FaceSeg5\AndroidManifest.xml:28:22-62
uses-permission#android.permission.RECORD_AUDIO
ADDED from samples\FaceSeg5\AndroidManifest.xml:29:5-70
	android:name
		ADDED from samples\FaceSeg5\AndroidManifest.xml:29:22-68
uses-permission#android.permission.WRITE_EXTERNAL_STORAGE
ADDED from samples\FaceSeg5\AndroidManifest.xml:30:5-80
	android:name
		ADDED from samples\FaceSeg5\AndroidManifest.xml:30:22-78
uses-permission#android.permission.READ_EXTERNAL_STORAGE
ADDED from samples\FaceSeg5\AndroidManifest.xml:31:5-79
	android:name
		ADDED from samples\FaceSeg5\AndroidManifest.xml:31:22-77
uses-feature#android.hardware.camera
ADDED from samples\FaceSeg5\AndroidManifest.xml:33:5-84
	android:required
		ADDED from samples\FaceSeg5\AndroidManifest.xml:33:58-82
	android:name
		ADDED from samples\FaceSeg5\AndroidManifest.xml:33:19-57
uses-feature#android.hardware.camera.autofocus
ADDED from samples\FaceSeg5\AndroidManifest.xml:34:5-94
	android:required
		ADDED from samples\FaceSeg5\AndroidManifest.xml:34:68-92
	android:name
		ADDED from samples\FaceSeg5\AndroidManifest.xml:34:19-67
uses-feature#android.hardware.camera.front
ADDED from samples\FaceSeg5\AndroidManifest.xml:35:5-90
	android:required
		ADDED from samples\FaceSeg5\AndroidManifest.xml:35:64-88
	android:name
		ADDED from samples\FaceSeg5\AndroidManifest.xml:35:19-63
uses-feature#android.hardware.camera.front.autofocus
ADDED from samples\FaceSeg5\AndroidManifest.xml:36:5-100
	android:required
		ADDED from samples\FaceSeg5\AndroidManifest.xml:36:74-98
	android:name
		ADDED from samples\FaceSeg5\AndroidManifest.xml:36:19-73
uses-sdk
INJECTED from samples\FaceSeg5\AndroidManifest.xml reason: use-sdk injection requested
INJECTED from samples\FaceSeg5\AndroidManifest.xml
INJECTED from samples\FaceSeg5\AndroidManifest.xml
MERGED from [:opencv] AndroidManifest.xml:7:5-9:41
MERGED from [:opencv] AndroidManifest.xml:7:5-9:41
MERGED from [org.tensorflow:tensorflow-lite:0.0.0-nightly] AndroidManifest.xml:7:5-8:41
MERGED from [org.tensorflow:tensorflow-lite:0.0.0-nightly] AndroidManifest.xml:7:5-8:41
MERGED from [org.tensorflow:tensorflow-lite-gpu:0.0.0-nightly] AndroidManifest.xml:7:5-8:41
MERGED from [org.tensorflow:tensorflow-lite-gpu:0.0.0-nightly] AndroidManifest.xml:7:5-8:41
MERGED from [org.tensorflow:tensorflow-lite-support:0.0.0-nightly] AndroidManifest.xml:4:5-44
MERGED from [org.tensorflow:tensorflow-lite-support:0.0.0-nightly] AndroidManifest.xml:4:5-44
INJECTED from samples\FaceSeg5\AndroidManifest.xml
INJECTED from samples\FaceSeg5\AndroidManifest.xml
	android:targetSdkVersion
		INJECTED from samples\FaceSeg5\AndroidManifest.xml
		ADDED from samples\FaceSeg5\AndroidManifest.xml
		INJECTED from samples\FaceSeg5\AndroidManifest.xml
	android:minSdkVersion
		INJECTED from samples\FaceSeg5\AndroidManifest.xml
		ADDED from samples\FaceSeg5\AndroidManifest.xml
		MERGED from samples\FaceSeg5\AndroidManifest.xml
		MERGED from samples\FaceSeg5\AndroidManifest.xml
		INJECTED from samples\FaceSeg5\AndroidManifest.xml